{"level":"info","message":"Processing email queue","timestamp":"2025-07-01T09:15:47.473Z"}
{"level":"info","message":"Sending email to Drbichra@gmail.com","timestamp":"2025-07-01T09:15:47.633Z"}
{"code":"ESOCKET","command":"CONN","level":"error","message":"Failed to send email to Drbichra@gmail.com: self-signed certificate in certificate chain","stack":"Error: self-signed certificate in certificate chain\n    at TLSSocket.onConnectSecure (node:_tls_wrap:1674:34)\n    at TLSSocket.emit (node:events:519:28)\n    at TLSSocket._finishInit (node:_tls_wrap:1085:8)\n    at ssl.onhandshakedone (node:_tls_wrap:871:12)\n    at TLSWrap.callbackTrampoline (node:internal/async_hooks:130:17)","timestamp":"2025-07-01T09:15:49.525Z"}
{"level":"info","message":"Processing email queue","timestamp":"2025-07-01T09:22:55.925Z"}
{"level":"info","message":"Sending email to ameni18benmariem@gmail.com","timestamp":"2025-07-01T09:22:55.937Z"}
{"code":"ESOCKET","command":"CONN","level":"error","message":"Failed to send email to ameni18benmariem@gmail.com: self-signed certificate in certificate chain","stack":"Error: self-signed certificate in certificate chain\n    at TLSSocket.onConnectSecure (node:_tls_wrap:1674:34)\n    at TLSSocket.emit (node:events:519:28)\n    at TLSSocket._finishInit (node:_tls_wrap:1085:8)\n    at ssl.onhandshakedone (node:_tls_wrap:871:12)\n    at TLSWrap.callbackTrampoline (node:internal/async_hooks:130:17)","timestamp":"2025-07-01T09:22:57.715Z"}
{"level":"info","message":"Processing email queue","timestamp":"2025-07-01T09:37:14.356Z"}
{"level":"info","message":"Sending email to layounims@gmail.com","timestamp":"2025-07-01T09:37:14.365Z"}
{"code":"ESOCKET","command":"CONN","level":"error","message":"Failed to send email to layounims@gmail.com: self-signed certificate in certificate chain","stack":"Error: self-signed certificate in certificate chain\n    at TLSSocket.onConnectSecure (node:_tls_wrap:1674:34)\n    at TLSSocket.emit (node:events:519:28)\n    at TLSSocket._finishInit (node:_tls_wrap:1085:8)\n    at ssl.onhandshakedone (node:_tls_wrap:871:12)\n    at TLSWrap.callbackTrampoline (node:internal/async_hooks:130:17)","timestamp":"2025-07-01T09:37:15.993Z"}
{"level":"info","message":"Processing email queue","timestamp":"2025-07-02T09:16:05.523Z"}
{"level":"info","message":"Sending email to Drbichra@gmail.com","timestamp":"2025-07-02T09:16:05.721Z"}
{"code":"ESOCKET","command":"CONN","level":"error","message":"Failed to send email to Drbichra@gmail.com: self-signed certificate in certificate chain","stack":"Error: self-signed certificate in certificate chain\n    at TLSSocket.onConnectSecure (node:_tls_wrap:1674:34)\n    at TLSSocket.emit (node:events:519:28)\n    at TLSSocket._finishInit (node:_tls_wrap:1085:8)\n    at ssl.onhandshakedone (node:_tls_wrap:871:12)\n    at TLSWrap.callbackTrampoline (node:internal/async_hooks:130:17)","timestamp":"2025-07-02T09:16:07.532Z"}
{"level":"info","message":"Processing email queue","timestamp":"2025-07-02T09:40:02.608Z"}
{"level":"info","message":"Sending email to gharbiikbell@gmail.com","timestamp":"2025-07-02T09:40:02.630Z"}
{"code":"ESOCKET","command":"CONN","level":"error","message":"Failed to send email to gharbiikbell@gmail.com: self-signed certificate in certificate chain","stack":"Error: self-signed certificate in certificate chain\n    at TLSSocket.onConnectSecure (node:_tls_wrap:1674:34)\n    at TLSSocket.emit (node:events:519:28)\n    at TLSSocket._finishInit (node:_tls_wrap:1085:8)\n    at ssl.onhandshakedone (node:_tls_wrap:871:12)\n    at TLSWrap.callbackTrampoline (node:internal/async_hooks:130:17)","timestamp":"2025-07-02T09:40:04.013Z"}
{"level":"info","message":"Processing email queue","timestamp":"2025-07-02T10:09:29.485Z"}
{"level":"info","message":"Sending email to amineyoubi123@gmail.com","timestamp":"2025-07-02T10:09:29.896Z"}
{"code":"ESOCKET","command":"CONN","level":"error","message":"Failed to send email to amineyoubi123@gmail.com: self-signed certificate in certificate chain","stack":"Error: self-signed certificate in certificate chain\n    at TLSSocket.onConnectSecure (node:_tls_wrap:1674:34)\n    at TLSSocket.emit (node:events:519:28)\n    at TLSSocket._finishInit (node:_tls_wrap:1085:8)\n    at ssl.onhandshakedone (node:_tls_wrap:871:12)\n    at TLSWrap.callbackTrampoline (node:internal/async_hooks:130:17)","timestamp":"2025-07-02T10:09:38.293Z"}
{"level":"error","message":"Error refusing case:","timestamp":"2025-07-02T10:23:59.287Z","userId":"5971"}
{"level":"info","message":"Processing email queue","timestamp":"2025-07-02T10:48:24.074Z"}
{"level":"info","message":"Sending email to fouadzineelabidin@gmail.com","timestamp":"2025-07-02T10:48:24.196Z"}
{"code":"ESOCKET","command":"CONN","level":"error","message":"Failed to send email to fouadzineelabidin@gmail.com: self-signed certificate in certificate chain","stack":"Error: self-signed certificate in certificate chain\n    at TLSSocket.onConnectSecure (node:_tls_wrap:1674:34)\n    at TLSSocket.emit (node:events:519:28)\n    at TLSSocket._finishInit (node:_tls_wrap:1085:8)\n    at ssl.onhandshakedone (node:_tls_wrap:871:12)\n    at TLSWrap.callbackTrampoline (node:internal/async_hooks:130:17)","timestamp":"2025-07-02T10:48:25.537Z"}
{"level":"info","message":"Processing email queue","timestamp":"2025-07-02T12:03:03.535Z"}
{"level":"info","message":"Sending email to fouadzineelabidin@gmail.com","timestamp":"2025-07-02T12:03:03.766Z"}
{"code":"ESOCKET","command":"CONN","level":"error","message":"Failed to send email to fouadzineelabidin@gmail.com: self-signed certificate in certificate chain","stack":"Error: self-signed certificate in certificate chain\n    at TLSSocket.onConnectSecure (node:_tls_wrap:1674:34)\n    at TLSSocket.emit (node:events:519:28)\n    at TLSSocket._finishInit (node:_tls_wrap:1085:8)\n    at ssl.onhandshakedone (node:_tls_wrap:871:12)\n    at TLSWrap.callbackTrampoline (node:internal/async_hooks:130:17)","timestamp":"2025-07-02T12:03:05.397Z"}
{"level":"info","message":"Processing email queue","timestamp":"2025-07-02T12:19:00.210Z"}
{"level":"info","message":"Sending email to halimi.frank@gmail.com","timestamp":"2025-07-02T12:19:00.257Z"}
{"code":"ESOCKET","command":"CONN","level":"error","message":"Failed to send email to halimi.frank@gmail.com: self-signed certificate in certificate chain","stack":"Error: self-signed certificate in certificate chain\n    at TLSSocket.onConnectSecure (node:_tls_wrap:1674:34)\n    at TLSSocket.emit (node:events:519:28)\n    at TLSSocket._finishInit (node:_tls_wrap:1085:8)\n    at ssl.onhandshakedone (node:_tls_wrap:871:12)\n    at TLSWrap.callbackTrampoline (node:internal/async_hooks:130:17)","timestamp":"2025-07-02T12:19:01.686Z"}
{"level":"info","message":"Sending email to Drkessemtini@realsmile.fr","timestamp":"2025-07-02T12:19:01.687Z"}
{"code":"ESOCKET","command":"CONN","level":"error","message":"Failed to send email to Drkessemtini@realsmile.fr: self-signed certificate in certificate chain","stack":"Error: self-signed certificate in certificate chain\n    at TLSSocket.onConnectSecure (node:_tls_wrap:1674:34)\n    at TLSSocket.emit (node:events:519:28)\n    at TLSSocket._finishInit (node:_tls_wrap:1085:8)\n    at ssl.onhandshakedone (node:_tls_wrap:871:12)\n    at TLSWrap.callbackTrampoline (node:internal/async_hooks:130:17)","timestamp":"2025-07-02T12:19:02.784Z"}
{"level":"info","message":"Sending email to Realsmile984@gmail.com","timestamp":"2025-07-02T12:19:02.785Z"}
{"code":"ESOCKET","command":"CONN","level":"error","message":"Failed to send email to Realsmile984@gmail.com: self-signed certificate in certificate chain","stack":"Error: self-signed certificate in certificate chain\n    at TLSSocket.onConnectSecure (node:_tls_wrap:1674:34)\n    at TLSSocket.emit (node:events:519:28)\n    at TLSSocket._finishInit (node:_tls_wrap:1085:8)\n    at ssl.onhandshakedone (node:_tls_wrap:871:12)\n    at TLSWrap.callbackTrampoline (node:internal/async_hooks:130:17)","timestamp":"2025-07-02T12:19:03.603Z"}
{"level":"info","message":"Processing email queue","timestamp":"2025-07-02T12:34:03.437Z"}
{"level":"info","message":"Sending email to elkasri.naoufel@gmail.com","timestamp":"2025-07-02T12:34:03.463Z"}
{"code":"ESOCKET","command":"CONN","level":"error","message":"Failed to send email to elkasri.naoufel@gmail.com: self-signed certificate in certificate chain","stack":"Error: self-signed certificate in certificate chain\n    at TLSSocket.onConnectSecure (node:_tls_wrap:1674:34)\n    at TLSSocket.emit (node:events:519:28)\n    at TLSSocket._finishInit (node:_tls_wrap:1085:8)\n    at ssl.onhandshakedone (node:_tls_wrap:871:12)\n    at TLSWrap.callbackTrampoline (node:internal/async_hooks:130:17)","timestamp":"2025-07-02T12:34:04.474Z"}
{"level":"info","message":"Processing email queue","timestamp":"2025-07-02T12:40:44.227Z"}
{"level":"info","message":"Sending email to daraouikawtar4@gmail.com","timestamp":"2025-07-02T12:40:44.273Z"}
{"code":"ESOCKET","command":"CONN","level":"error","message":"Failed to send email to daraouikawtar4@gmail.com: self-signed certificate in certificate chain","stack":"Error: self-signed certificate in certificate chain\n    at TLSSocket.onConnectSecure (node:_tls_wrap:1674:34)\n    at TLSSocket.emit (node:events:519:28)\n    at TLSSocket._finishInit (node:_tls_wrap:1085:8)\n    at ssl.onhandshakedone (node:_tls_wrap:871:12)\n    at TLSWrap.callbackTrampoline (node:internal/async_hooks:130:17)","timestamp":"2025-07-02T12:40:45.677Z"}
{"level":"info","message":"Processing email queue","timestamp":"2025-07-02T13:27:33.753Z"}
{"level":"info","message":"Sending email to nabilderradji37@gmail.com","timestamp":"2025-07-02T13:27:33.830Z"}
{"code":"ESOCKET","command":"CONN","level":"error","message":"Failed to send email to nabilderradji37@gmail.com: self-signed certificate in certificate chain","stack":"Error: self-signed certificate in certificate chain\n    at TLSSocket.onConnectSecure (node:_tls_wrap:1674:34)\n    at TLSSocket.emit (node:events:519:28)\n    at TLSSocket._finishInit (node:_tls_wrap:1085:8)\n    at ssl.onhandshakedone (node:_tls_wrap:871:12)\n    at TLSWrap.callbackTrampoline (node:internal/async_hooks:130:17)","timestamp":"2025-07-02T13:27:35.619Z"}
{"level":"info","message":"Email job added to queue for omar.soltane@trends.tn","timestamp":"2025-07-02T13:49:13.396Z","userId":"5971"}
{"level":"info","message":"Processing email queue","timestamp":"2025-07-04T09:32:26.491Z"}
{"level":"info","message":"Sending email to dr.walid.jallouli@gmail.com","timestamp":"2025-07-04T09:32:26.563Z"}
{"code":"ESOCKET","command":"CONN","level":"error","message":"Failed to send email to dr.walid.jallouli@gmail.com: self-signed certificate in certificate chain","stack":"Error: self-signed certificate in certificate chain\n    at TLSSocket.onConnectSecure (node:_tls_wrap:1674:34)\n    at TLSSocket.emit (node:events:519:28)\n    at TLSSocket._finishInit (node:_tls_wrap:1085:8)\n    at ssl.onhandshakedone (node:_tls_wrap:871:12)\n    at TLSWrap.callbackTrampoline (node:internal/async_hooks:130:17)","timestamp":"2025-07-04T09:32:27.906Z"}
{"level":"info","message":"Sending email to Drkessemtini@realsmile.fr","timestamp":"2025-07-04T09:32:27.907Z"}
{"code":"ESOCKET","command":"CONN","level":"error","message":"Failed to send email to Drkessemtini@realsmile.fr: self-signed certificate in certificate chain","stack":"Error: self-signed certificate in certificate chain\n    at TLSSocket.onConnectSecure (node:_tls_wrap:1674:34)\n    at TLSSocket.emit (node:events:519:28)\n    at TLSSocket._finishInit (node:_tls_wrap:1085:8)\n    at ssl.onhandshakedone (node:_tls_wrap:871:12)\n    at TLSWrap.callbackTrampoline (node:internal/async_hooks:130:17)","timestamp":"2025-07-04T09:32:29.061Z"}
{"level":"info","message":"Sending email to clearcareortho2@gmail.com","timestamp":"2025-07-04T09:32:29.062Z"}
{"code":"ESOCKET","command":"CONN","level":"error","message":"Failed to send email to clearcareortho2@gmail.com: self-signed certificate in certificate chain","stack":"Error: self-signed certificate in certificate chain\n    at TLSSocket.onConnectSecure (node:_tls_wrap:1674:34)\n    at TLSSocket.emit (node:events:519:28)\n    at TLSSocket._finishInit (node:_tls_wrap:1085:8)\n    at ssl.onhandshakedone (node:_tls_wrap:871:12)\n    at TLSWrap.callbackTrampoline (node:internal/async_hooks:130:17)","timestamp":"2025-07-04T09:32:30.059Z"}
{"level":"info","message":"Sending email to Azeem@clearcareortho.uk","timestamp":"2025-07-04T09:32:30.060Z"}
{"code":"ESOCKET","command":"CONN","level":"error","message":"Failed to send email to Azeem@clearcareortho.uk: self-signed certificate in certificate chain","stack":"Error: self-signed certificate in certificate chain\n    at TLSSocket.onConnectSecure (node:_tls_wrap:1674:34)\n    at TLSSocket.emit (node:events:519:28)\n    at TLSSocket._finishInit (node:_tls_wrap:1085:8)\n    at ssl.onhandshakedone (node:_tls_wrap:871:12)\n    at TLSWrap.callbackTrampoline (node:internal/async_hooks:130:17)","timestamp":"2025-07-04T09:32:31.308Z"}
{"level":"info","message":"Sending email to Akif@clearcareortho.uk","timestamp":"2025-07-04T09:32:31.309Z"}
{"code":"ESOCKET","command":"CONN","level":"error","message":"Failed to send email to Akif@clearcareortho.uk: self-signed certificate in certificate chain","stack":"Error: self-signed certificate in certificate chain\n    at TLSSocket.onConnectSecure (node:_tls_wrap:1674:34)\n    at TLSSocket.emit (node:events:519:28)\n    at TLSSocket._finishInit (node:_tls_wrap:1085:8)\n    at ssl.onhandshakedone (node:_tls_wrap:871:12)\n    at TLSWrap.callbackTrampoline (node:internal/async_hooks:130:17)","timestamp":"2025-07-04T09:32:32.567Z"}
{"level":"info","message":"Processing email queue","timestamp":"2025-07-04T09:33:33.213Z"}
{"level":"info","message":"Sending email to cabineteljaioubaaz@gmail.com","timestamp":"2025-07-04T09:33:33.226Z"}
{"code":"ESOCKET","command":"CONN","level":"error","message":"Failed to send email to cabineteljaioubaaz@gmail.com: self-signed certificate in certificate chain","stack":"Error: self-signed certificate in certificate chain\n    at TLSSocket.onConnectSecure (node:_tls_wrap:1674:34)\n    at TLSSocket.emit (node:events:519:28)\n    at TLSSocket._finishInit (node:_tls_wrap:1085:8)\n    at ssl.onhandshakedone (node:_tls_wrap:871:12)\n    at TLSWrap.callbackTrampoline (node:internal/async_hooks:130:17)","timestamp":"2025-07-04T09:33:34.198Z"}
{"level":"info","message":"Processing email queue","timestamp":"2025-07-04T09:33:59.646Z"}
{"level":"info","message":"Sending email to saidmouimi74@gmail.com","timestamp":"2025-07-04T09:33:59.650Z"}
{"code":"ESOCKET","command":"CONN","level":"error","message":"Failed to send email to saidmouimi74@gmail.com: self-signed certificate in certificate chain","stack":"Error: self-signed certificate in certificate chain\n    at TLSSocket.onConnectSecure (node:_tls_wrap:1674:34)\n    at TLSSocket.emit (node:events:519:28)\n    at TLSSocket._finishInit (node:_tls_wrap:1085:8)\n    at ssl.onhandshakedone (node:_tls_wrap:871:12)\n    at TLSWrap.callbackTrampoline (node:internal/async_hooks:130:17)","timestamp":"2025-07-04T09:34:00.754Z"}
{"level":"info","message":"Processing email queue","timestamp":"2025-07-04T10:17:45.691Z"}
{"level":"info","message":"Sending email to saidmouimi74@gmail.com","timestamp":"2025-07-04T10:17:45.699Z"}
{"code":"ESOCKET","command":"CONN","level":"error","message":"Failed to send email to saidmouimi74@gmail.com: self-signed certificate in certificate chain","stack":"Error: self-signed certificate in certificate chain\n    at TLSSocket.onConnectSecure (node:_tls_wrap:1674:34)\n    at TLSSocket.emit (node:events:519:28)\n    at TLSSocket._finishInit (node:_tls_wrap:1085:8)\n    at ssl.onhandshakedone (node:_tls_wrap:871:12)\n    at TLSWrap.callbackTrampoline (node:internal/async_hooks:130:17)","timestamp":"2025-07-04T10:17:46.762Z"}
{"level":"info","message":"Processing email queue","timestamp":"2025-07-04T10:48:43.604Z"}
{"level":"info","message":"Sending email to Drkessemtini@realsmile.fr","timestamp":"2025-07-04T10:48:43.814Z"}
{"code":"ESOCKET","command":"CONN","level":"error","message":"Failed to send email to Drkessemtini@realsmile.fr: self-signed certificate in certificate chain","stack":"Error: self-signed certificate in certificate chain\n    at TLSSocket.onConnectSecure (node:_tls_wrap:1674:34)\n    at TLSSocket.emit (node:events:519:28)\n    at TLSSocket._finishInit (node:_tls_wrap:1085:8)\n    at ssl.onhandshakedone (node:_tls_wrap:871:12)\n    at TLSWrap.callbackTrampoline (node:internal/async_hooks:130:17)","timestamp":"2025-07-04T10:48:47.946Z"}
{"level":"info","message":"Processing email queue","timestamp":"2025-07-04T11:21:44.001Z"}
{"level":"info","message":"Sending email to dr.hajar.iourdane@gmail.com","timestamp":"2025-07-04T11:21:44.013Z"}
{"code":"ESOCKET","command":"CONN","level":"error","message":"Failed to send email to dr.hajar.iourdane@gmail.com: self-signed certificate in certificate chain","stack":"Error: self-signed certificate in certificate chain\n    at TLSSocket.onConnectSecure (node:_tls_wrap:1674:34)\n    at TLSSocket.emit (node:events:519:28)\n    at TLSSocket._finishInit (node:_tls_wrap:1085:8)\n    at ssl.onhandshakedone (node:_tls_wrap:871:12)\n    at TLSWrap.callbackTrampoline (node:internal/async_hooks:130:17)","timestamp":"2025-07-04T11:21:48.711Z"}
{"level":"info","message":"Email job added to queue for maatallah.adem8@gmail.com","timestamp":"2025-07-04T12:16:05.861Z","userId":"5971"}
{"level":"info","message":"Email job added to queue for maatallah.adem8@gmail.com","timestamp":"2025-07-04T12:17:17.704Z","userId":"5971"}
{"level":"info","message":"Email job added to queue for maatallah.adem8@gmail.com","timestamp":"2025-07-04T12:22:06.545Z","userId":"5971"}
{"level":"info","message":"Processing email queue","timestamp":"2025-07-04T12:32:04.769Z"}
{"level":"info","message":"Sending email to zrelli.yahya@gmail.com","timestamp":"2025-07-04T12:32:04.821Z"}
{"code":"ESOCKET","command":"CONN","level":"error","message":"Failed to send email to zrelli.yahya@gmail.com: self-signed certificate in certificate chain","stack":"Error: self-signed certificate in certificate chain\n    at TLSSocket.onConnectSecure (node:_tls_wrap:1674:34)\n    at TLSSocket.emit (node:events:519:28)\n    at TLSSocket._finishInit (node:_tls_wrap:1085:8)\n    at ssl.onhandshakedone (node:_tls_wrap:871:12)\n    at TLSWrap.callbackTrampoline (node:internal/async_hooks:130:17)","timestamp":"2025-07-04T12:32:06.171Z"}
{"level":"info","message":"Processing email queue","timestamp":"2025-07-04T13:31:03.174Z"}
{"level":"info","message":"Sending email to Drkessemtini@realsmile.fr","timestamp":"2025-07-04T13:31:03.266Z"}
{"code":"ESOCKET","command":"CONN","level":"error","message":"Failed to send email to Drkessemtini@realsmile.fr: self-signed certificate in certificate chain","stack":"Error: self-signed certificate in certificate chain\n    at TLSSocket.onConnectSecure (node:_tls_wrap:1674:34)\n    at TLSSocket.emit (node:events:519:28)\n    at TLSSocket._finishInit (node:_tls_wrap:1085:8)\n    at ssl.onhandshakedone (node:_tls_wrap:871:12)\n    at TLSWrap.callbackTrampoline (node:internal/async_hooks:130:17)","timestamp":"2025-07-04T13:31:04.837Z"}
{"level":"info","message":"Email job added to queue for Drkessemtini@realsmile.fr","timestamp":"2025-07-04T13:31:47.409Z"}
{"level":"info","message":"Processing email queue","timestamp":"2025-07-06T15:12:51.814Z"}
{"level":"info","message":"Sending email to contact.swissdentalclinic@gmail.com","timestamp":"2025-07-06T15:12:51.858Z"}
{"code":"ESOCKET","command":"CONN","level":"error","message":"Failed to send email to contact.swissdentalclinic@gmail.com: self-signed certificate in certificate chain","stack":"Error: self-signed certificate in certificate chain\n    at TLSSocket.onConnectSecure (node:_tls_wrap:1674:34)\n    at TLSSocket.emit (node:events:519:28)\n    at TLSSocket._finishInit (node:_tls_wrap:1085:8)\n    at ssl.onhandshakedone (node:_tls_wrap:871:12)\n    at TLSWrap.callbackTrampoline (node:internal/async_hooks:130:17)","timestamp":"2025-07-06T15:12:53.034Z"}
{"level":"info","message":"Processing email queue","timestamp":"2025-07-06T15:40:16.464Z"}
{"level":"info","message":"Sending email to mejaisiwar@gmail.com","timestamp":"2025-07-06T15:40:16.519Z"}
{"code":"ESOCKET","command":"CONN","level":"error","message":"Failed to send email to mejaisiwar@gmail.com: self-signed certificate in certificate chain","stack":"Error: self-signed certificate in certificate chain\n    at TLSSocket.onConnectSecure (node:_tls_wrap:1674:34)\n    at TLSSocket.emit (node:events:519:28)\n    at TLSSocket._finishInit (node:_tls_wrap:1085:8)\n    at ssl.onhandshakedone (node:_tls_wrap:871:12)\n    at TLSWrap.callbackTrampoline (node:internal/async_hooks:130:17)","timestamp":"2025-07-06T15:40:17.552Z"}
{"level":"info","message":"Processing email queue","timestamp":"2025-07-08T11:20:53.756Z"}
{"level":"info","message":"Sending email to achraf.bidou@uir.ac.ma","timestamp":"2025-07-08T11:20:53.857Z"}
{"code":"ESOCKET","command":"CONN","level":"error","message":"Failed to send email to achraf.bidou@uir.ac.ma: self-signed certificate in certificate chain","stack":"Error: self-signed certificate in certificate chain\n    at TLSSocket.onConnectSecure (node:_tls_wrap:1674:34)\n    at TLSSocket.emit (node:events:519:28)\n    at TLSSocket._finishInit (node:_tls_wrap:1085:8)\n    at ssl.onhandshakedone (node:_tls_wrap:871:12)\n    at TLSWrap.callbackTrampoline (node:internal/async_hooks:130:17)","timestamp":"2025-07-08T11:20:55.790Z"}
{"level":"info","message":"Sending email to Drkessemtini@realsmile.fr","timestamp":"2025-07-08T11:20:55.790Z"}
{"code":"ESOCKET","command":"CONN","level":"error","message":"Failed to send email to Drkessemtini@realsmile.fr: self-signed certificate in certificate chain","stack":"Error: self-signed certificate in certificate chain\n    at TLSSocket.onConnectSecure (node:_tls_wrap:1674:34)\n    at TLSSocket.emit (node:events:519:28)\n    at TLSSocket._finishInit (node:_tls_wrap:1085:8)\n    at ssl.onhandshakedone (node:_tls_wrap:871:12)\n    at TLSWrap.callbackTrampoline (node:internal/async_hooks:130:17)","timestamp":"2025-07-08T11:20:56.996Z"}
{"level":"info","message":"Sending email to Realsmile984@gmail.com","timestamp":"2025-07-08T11:20:57.005Z"}
{"code":"ESOCKET","command":"CONN","level":"error","message":"Failed to send email to Realsmile984@gmail.com: self-signed certificate in certificate chain","stack":"Error: self-signed certificate in certificate chain\n    at TLSSocket.onConnectSecure (node:_tls_wrap:1674:34)\n    at TLSSocket.emit (node:events:519:28)\n    at TLSSocket._finishInit (node:_tls_wrap:1085:8)\n    at ssl.onhandshakedone (node:_tls_wrap:871:12)\n    at TLSWrap.callbackTrampoline (node:internal/async_hooks:130:17)","timestamp":"2025-07-08T11:20:58.235Z"}
{"level":"info","message":"Processing email queue","timestamp":"2025-07-08T11:53:55.780Z"}
{"level":"info","message":"Sending email to dr.mahdaoui@outlook.com","timestamp":"2025-07-08T11:53:55.828Z"}
{"code":"ESOCKET","command":"CONN","level":"error","message":"Failed to send email to dr.mahdaoui@outlook.com: self-signed certificate in certificate chain","stack":"Error: self-signed certificate in certificate chain\n    at TLSSocket.onConnectSecure (node:_tls_wrap:1674:34)\n    at TLSSocket.emit (node:events:519:28)\n    at TLSSocket._finishInit (node:_tls_wrap:1085:8)\n    at ssl.onhandshakedone (node:_tls_wrap:871:12)\n    at TLSWrap.callbackTrampoline (node:internal/async_hooks:130:17)","timestamp":"2025-07-08T11:54:00.037Z"}
{"level":"info","message":"Sending email to Drkessemtini@realsmile.fr","timestamp":"2025-07-08T11:54:00.038Z"}
{"code":"ESOCKET","command":"CONN","level":"error","message":"Failed to send email to Drkessemtini@realsmile.fr: self-signed certificate in certificate chain","stack":"Error: self-signed certificate in certificate chain\n    at TLSSocket.onConnectSecure (node:_tls_wrap:1674:34)\n    at TLSSocket.emit (node:events:519:28)\n    at TLSSocket._finishInit (node:_tls_wrap:1085:8)\n    at ssl.onhandshakedone (node:_tls_wrap:871:12)\n    at TLSWrap.callbackTrampoline (node:internal/async_hooks:130:17)","timestamp":"2025-07-08T11:54:02.386Z"}
{"level":"info","message":"Sending email to clearcareortho2@gmail.com","timestamp":"2025-07-08T11:54:02.387Z"}
{"code":"ESOCKET","command":"CONN","level":"error","message":"Failed to send email to clearcareortho2@gmail.com: self-signed certificate in certificate chain","stack":"Error: self-signed certificate in certificate chain\n    at TLSSocket.onConnectSecure (node:_tls_wrap:1674:34)\n    at TLSSocket.emit (node:events:519:28)\n    at TLSSocket._finishInit (node:_tls_wrap:1085:8)\n    at ssl.onhandshakedone (node:_tls_wrap:871:12)\n    at TLSWrap.callbackTrampoline (node:internal/async_hooks:130:17)","timestamp":"2025-07-08T11:54:03.747Z"}
{"level":"info","message":"Sending email to Azeem@clearcareortho.uk","timestamp":"2025-07-08T11:54:03.747Z"}
{"code":"ESOCKET","command":"CONN","level":"error","message":"Failed to send email to Azeem@clearcareortho.uk: self-signed certificate in certificate chain","stack":"Error: self-signed certificate in certificate chain\n    at TLSSocket.onConnectSecure (node:_tls_wrap:1674:34)\n    at TLSSocket.emit (node:events:519:28)\n    at TLSSocket._finishInit (node:_tls_wrap:1085:8)\n    at ssl.onhandshakedone (node:_tls_wrap:871:12)\n    at TLSWrap.callbackTrampoline (node:internal/async_hooks:130:17)","timestamp":"2025-07-08T11:54:05.344Z"}
{"level":"info","message":"Sending email to Akif@clearcareortho.uk","timestamp":"2025-07-08T11:54:05.344Z"}
{"code":"ESOCKET","command":"CONN","level":"error","message":"Failed to send email to Akif@clearcareortho.uk: self-signed certificate in certificate chain","stack":"Error: self-signed certificate in certificate chain\n    at TLSSocket.onConnectSecure (node:_tls_wrap:1674:34)\n    at TLSSocket.emit (node:events:519:28)\n    at TLSSocket._finishInit (node:_tls_wrap:1085:8)\n    at ssl.onhandshakedone (node:_tls_wrap:871:12)\n    at TLSWrap.callbackTrampoline (node:internal/async_hooks:130:17)","timestamp":"2025-07-08T11:54:07.623Z"}
{"level":"info","message":"Processing email queue","timestamp":"2025-07-08T11:55:36.734Z"}
{"level":"info","message":"Sending email to dr.chhihayoub@gmail.com","timestamp":"2025-07-08T11:55:36.758Z"}
{"code":"ESOCKET","command":"CONN","level":"error","message":"Failed to send email to dr.chhihayoub@gmail.com: self-signed certificate in certificate chain","stack":"Error: self-signed certificate in certificate chain\n    at TLSSocket.onConnectSecure (node:_tls_wrap:1674:34)\n    at TLSSocket.emit (node:events:519:28)\n    at TLSSocket._finishInit (node:_tls_wrap:1085:8)\n    at ssl.onhandshakedone (node:_tls_wrap:871:12)\n    at TLSWrap.callbackTrampoline (node:internal/async_hooks:130:17)","timestamp":"2025-07-08T11:55:38.173Z"}
{"level":"info","message":"Sending email to Drkessemtini@realsmile.fr","timestamp":"2025-07-08T11:55:38.175Z"}
{"code":"ESOCKET","command":"CONN","level":"error","message":"Failed to send email to Drkessemtini@realsmile.fr: self-signed certificate in certificate chain","stack":"Error: self-signed certificate in certificate chain\n    at TLSSocket.onConnectSecure (node:_tls_wrap:1674:34)\n    at TLSSocket.emit (node:events:519:28)\n    at TLSSocket._finishInit (node:_tls_wrap:1085:8)\n    at ssl.onhandshakedone (node:_tls_wrap:871:12)\n    at TLSWrap.callbackTrampoline (node:internal/async_hooks:130:17)","timestamp":"2025-07-08T11:55:39.223Z"}
{"level":"info","message":"Sending email to clearcareortho2@gmail.com","timestamp":"2025-07-08T11:55:39.224Z"}
{"code":"ESOCKET","command":"CONN","level":"error","message":"Failed to send email to clearcareortho2@gmail.com: self-signed certificate in certificate chain","stack":"Error: self-signed certificate in certificate chain\n    at TLSSocket.onConnectSecure (node:_tls_wrap:1674:34)\n    at TLSSocket.emit (node:events:519:28)\n    at TLSSocket._finishInit (node:_tls_wrap:1085:8)\n    at ssl.onhandshakedone (node:_tls_wrap:871:12)\n    at TLSWrap.callbackTrampoline (node:internal/async_hooks:130:17)","timestamp":"2025-07-08T11:55:40.389Z"}
{"level":"info","message":"Sending email to Azeem@clearcareortho.uk","timestamp":"2025-07-08T11:55:40.389Z"}
{"code":"ESOCKET","command":"CONN","level":"error","message":"Failed to send email to Azeem@clearcareortho.uk: self-signed certificate in certificate chain","stack":"Error: self-signed certificate in certificate chain\n    at TLSSocket.onConnectSecure (node:_tls_wrap:1674:34)\n    at TLSSocket.emit (node:events:519:28)\n    at TLSSocket._finishInit (node:_tls_wrap:1085:8)\n    at ssl.onhandshakedone (node:_tls_wrap:871:12)\n    at TLSWrap.callbackTrampoline (node:internal/async_hooks:130:17)","timestamp":"2025-07-08T11:55:41.984Z"}
{"level":"info","message":"Sending email to Akif@clearcareortho.uk","timestamp":"2025-07-08T11:55:41.985Z"}
{"code":"ESOCKET","command":"CONN","level":"error","message":"Failed to send email to Akif@clearcareortho.uk: self-signed certificate in certificate chain","stack":"Error: self-signed certificate in certificate chain\n    at TLSSocket.onConnectSecure (node:_tls_wrap:1674:34)\n    at TLSSocket.emit (node:events:519:28)\n    at TLSSocket._finishInit (node:_tls_wrap:1085:8)\n    at ssl.onhandshakedone (node:_tls_wrap:871:12)\n    at TLSWrap.callbackTrampoline (node:internal/async_hooks:130:17)","timestamp":"2025-07-08T11:55:43.294Z"}
{"level":"info","message":"Processing email queue","timestamp":"2025-07-08T13:16:55.466Z"}
{"level":"info","message":"Sending email to cabinedrharrach@gmail.com","timestamp":"2025-07-08T13:16:55.614Z"}
{"code":"ESOCKET","command":"CONN","level":"error","message":"Failed to send email to cabinedrharrach@gmail.com: self-signed certificate in certificate chain","stack":"Error: self-signed certificate in certificate chain\n    at TLSSocket.onConnectSecure (node:_tls_wrap:1674:34)\n    at TLSSocket.emit (node:events:519:28)\n    at TLSSocket._finishInit (node:_tls_wrap:1085:8)\n    at ssl.onhandshakedone (node:_tls_wrap:871:12)\n    at TLSWrap.callbackTrampoline (node:internal/async_hooks:130:17)","timestamp":"2025-07-08T13:16:57.865Z"}
{"level":"info","message":"Processing email queue","timestamp":"2025-07-09T09:25:23.789Z"}
{"level":"info","message":"Sending email to elkasri.naoufel@gmail.com","timestamp":"2025-07-09T09:25:23.891Z"}
{"code":"ESOCKET","command":"CONN","level":"error","message":"Failed to send email to elkasri.naoufel@gmail.com: self-signed certificate in certificate chain","stack":"Error: self-signed certificate in certificate chain\n    at TLSSocket.onConnectSecure (node:_tls_wrap:1674:34)\n    at TLSSocket.emit (node:events:519:28)\n    at TLSSocket._finishInit (node:_tls_wrap:1085:8)\n    at ssl.onhandshakedone (node:_tls_wrap:871:12)\n    at TLSWrap.callbackTrampoline (node:internal/async_hooks:130:17)","timestamp":"2025-07-09T09:25:25.873Z"}
{"level":"info","message":"Processing email queue","timestamp":"2025-07-09T09:27:04.113Z"}
{"level":"info","message":"Sending email to centredentairebestsmile@outlook.com","timestamp":"2025-07-09T09:27:04.122Z"}
{"code":"ESOCKET","command":"CONN","level":"error","message":"Failed to send email to centredentairebestsmile@outlook.com: self-signed certificate in certificate chain","stack":"Error: self-signed certificate in certificate chain\n    at TLSSocket.onConnectSecure (node:_tls_wrap:1674:34)\n    at TLSSocket.emit (node:events:519:28)\n    at TLSSocket._finishInit (node:_tls_wrap:1085:8)\n    at ssl.onhandshakedone (node:_tls_wrap:871:12)\n    at TLSWrap.callbackTrampoline (node:internal/async_hooks:130:17)","timestamp":"2025-07-09T09:27:05.535Z"}
{"level":"info","message":"Processing email queue","timestamp":"2025-07-09T09:42:14.378Z"}
{"level":"info","message":"Sending email to Yasmine.choukaier@hotmail.com","timestamp":"2025-07-09T09:42:14.390Z"}
{"code":"ESOCKET","command":"CONN","level":"error","message":"Failed to send email to Yasmine.choukaier@hotmail.com: self-signed certificate in certificate chain","stack":"Error: self-signed certificate in certificate chain\n    at TLSSocket.onConnectSecure (node:_tls_wrap:1674:34)\n    at TLSSocket.emit (node:events:519:28)\n    at TLSSocket._finishInit (node:_tls_wrap:1085:8)\n    at ssl.onhandshakedone (node:_tls_wrap:871:12)\n    at TLSWrap.callbackTrampoline (node:internal/async_hooks:130:17)","timestamp":"2025-07-09T09:42:15.503Z"}
{"level":"info","message":"Sending email to Drkessemtini@realsmile.fr","timestamp":"2025-07-09T09:42:15.505Z"}
{"code":"ESOCKET","command":"CONN","level":"error","message":"Failed to send email to Drkessemtini@realsmile.fr: self-signed certificate in certificate chain","stack":"Error: self-signed certificate in certificate chain\n    at TLSSocket.onConnectSecure (node:_tls_wrap:1674:34)\n    at TLSSocket.emit (node:events:519:28)\n    at TLSSocket._finishInit (node:_tls_wrap:1085:8)\n    at ssl.onhandshakedone (node:_tls_wrap:871:12)\n    at TLSWrap.callbackTrampoline (node:internal/async_hooks:130:17)","timestamp":"2025-07-09T09:42:16.482Z"}
{"level":"info","message":"Sending email to Realsmile984@gmail.com","timestamp":"2025-07-09T09:42:16.483Z"}
{"code":"ESOCKET","command":"CONN","level":"error","message":"Failed to send email to Realsmile984@gmail.com: self-signed certificate in certificate chain","stack":"Error: self-signed certificate in certificate chain\n    at TLSSocket.onConnectSecure (node:_tls_wrap:1674:34)\n    at TLSSocket.emit (node:events:519:28)\n    at TLSSocket._finishInit (node:_tls_wrap:1085:8)\n    at ssl.onhandshakedone (node:_tls_wrap:871:12)\n    at TLSWrap.callbackTrampoline (node:internal/async_hooks:130:17)","timestamp":"2025-07-09T09:42:17.518Z"}
{"level":"info","message":"Processing email queue","timestamp":"2025-07-09T10:42:28.198Z"}
{"level":"info","message":"Sending email to Elmoutawakil.dental.clinic@gmail.com","timestamp":"2025-07-09T10:42:28.224Z"}
{"code":"ESOCKET","command":"CONN","level":"error","message":"Failed to send email to Elmoutawakil.dental.clinic@gmail.com: self-signed certificate in certificate chain","stack":"Error: self-signed certificate in certificate chain\n    at TLSSocket.onConnectSecure (node:_tls_wrap:1674:34)\n    at TLSSocket.emit (node:events:519:28)\n    at TLSSocket._finishInit (node:_tls_wrap:1085:8)\n    at ssl.onhandshakedone (node:_tls_wrap:871:12)\n    at TLSWrap.callbackTrampoline (node:internal/async_hooks:130:17)","timestamp":"2025-07-09T10:42:29.576Z"}
{"level":"info","message":"Processing email queue","timestamp":"2025-07-09T10:43:00.211Z"}
{"level":"info","message":"Sending email to dr.chiguerfz@gmail.com","timestamp":"2025-07-09T10:43:00.217Z"}
{"code":"ESOCKET","command":"CONN","level":"error","message":"Failed to send email to dr.chiguerfz@gmail.com: self-signed certificate in certificate chain","stack":"Error: self-signed certificate in certificate chain\n    at TLSSocket.onConnectSecure (node:_tls_wrap:1674:34)\n    at TLSSocket.emit (node:events:519:28)\n    at TLSSocket._finishInit (node:_tls_wrap:1085:8)\n    at ssl.onhandshakedone (node:_tls_wrap:871:12)\n    at TLSWrap.callbackTrampoline (node:internal/async_hooks:130:17)","timestamp":"2025-07-09T10:43:01.183Z"}
{"level":"info","message":"Processing email queue","timestamp":"2025-07-09T10:56:50.058Z"}
{"level":"info","message":"Sending email to clinquedentairejaoucha@gmail.com","timestamp":"2025-07-09T10:56:50.073Z"}
{"code":"ESOCKET","command":"CONN","level":"error","message":"Failed to send email to clinquedentairejaoucha@gmail.com: self-signed certificate in certificate chain","stack":"Error: self-signed certificate in certificate chain\n    at TLSSocket.onConnectSecure (node:_tls_wrap:1674:34)\n    at TLSSocket.emit (node:events:519:28)\n    at TLSSocket._finishInit (node:_tls_wrap:1085:8)\n    at ssl.onhandshakedone (node:_tls_wrap:871:12)\n    at TLSWrap.callbackTrampoline (node:internal/async_hooks:130:17)","timestamp":"2025-07-09T10:56:51.467Z"}
{"level":"info","message":"Sending email to Drkessemtini@realsmile.fr","timestamp":"2025-07-09T10:56:51.468Z"}
{"code":"ESOCKET","command":"CONN","level":"error","message":"Failed to send email to Drkessemtini@realsmile.fr: self-signed certificate in certificate chain","stack":"Error: self-signed certificate in certificate chain\n    at TLSSocket.onConnectSecure (node:_tls_wrap:1674:34)\n    at TLSSocket.emit (node:events:519:28)\n    at TLSSocket._finishInit (node:_tls_wrap:1085:8)\n    at ssl.onhandshakedone (node:_tls_wrap:871:12)\n    at TLSWrap.callbackTrampoline (node:internal/async_hooks:130:17)","timestamp":"2025-07-09T10:56:52.466Z"}
{"level":"info","message":"Sending email to Realsmile984@gmail.com","timestamp":"2025-07-09T10:56:52.466Z"}
{"code":"ESOCKET","command":"CONN","level":"error","message":"Failed to send email to Realsmile984@gmail.com: self-signed certificate in certificate chain","stack":"Error: self-signed certificate in certificate chain\n    at TLSSocket.onConnectSecure (node:_tls_wrap:1674:34)\n    at TLSSocket.emit (node:events:519:28)\n    at TLSSocket._finishInit (node:_tls_wrap:1085:8)\n    at ssl.onhandshakedone (node:_tls_wrap:871:12)\n    at TLSWrap.callbackTrampoline (node:internal/async_hooks:130:17)","timestamp":"2025-07-09T10:56:53.398Z"}
{"level":"info","message":"Processing email queue","timestamp":"2025-07-09T11:41:30.231Z"}
{"level":"info","message":"Sending email to leilagarti@hotmail.com","timestamp":"2025-07-09T11:41:30.248Z"}
{"code":"ESOCKET","command":"CONN","level":"error","message":"Failed to send email to leilagarti@hotmail.com: self-signed certificate in certificate chain","stack":"Error: self-signed certificate in certificate chain\n    at TLSSocket.onConnectSecure (node:_tls_wrap:1674:34)\n    at TLSSocket.emit (node:events:519:28)\n    at TLSSocket._finishInit (node:_tls_wrap:1085:8)\n    at ssl.onhandshakedone (node:_tls_wrap:871:12)\n    at TLSWrap.callbackTrampoline (node:internal/async_hooks:130:17)","timestamp":"2025-07-09T11:41:31.753Z"}
{"level":"info","message":"Processing email queue","timestamp":"2025-07-10T10:41:05.301Z"}
{"level":"info","message":"Sending email to bha.wala.94@gmail.com","timestamp":"2025-07-10T10:41:05.415Z"}
{"code":"ESOCKET","command":"CONN","level":"error","message":"Failed to send email to bha.wala.94@gmail.com: self-signed certificate in certificate chain","stack":"Error: self-signed certificate in certificate chain\n    at TLSSocket.onConnectSecure (node:_tls_wrap:1674:34)\n    at TLSSocket.emit (node:events:519:28)\n    at TLSSocket._finishInit (node:_tls_wrap:1085:8)\n    at ssl.onhandshakedone (node:_tls_wrap:871:12)\n    at TLSWrap.callbackTrampoline (node:internal/async_hooks:130:17)","timestamp":"2025-07-10T10:41:07.567Z"}
{"level":"info","message":"Processing email queue","timestamp":"2025-07-10T11:04:29.337Z"}
{"level":"info","message":"Sending email to dr.fairouz.arfaoui@gmail.com","timestamp":"2025-07-10T11:04:29.344Z"}
{"code":"ESOCKET","command":"CONN","level":"error","message":"Failed to send email to dr.fairouz.arfaoui@gmail.com: self-signed certificate in certificate chain","stack":"Error: self-signed certificate in certificate chain\n    at TLSSocket.onConnectSecure (node:_tls_wrap:1674:34)\n    at TLSSocket.emit (node:events:519:28)\n    at TLSSocket._finishInit (node:_tls_wrap:1085:8)\n    at ssl.onhandshakedone (node:_tls_wrap:871:12)\n    at TLSWrap.callbackTrampoline (node:internal/async_hooks:130:17)","timestamp":"2025-07-10T11:04:30.561Z"}
{"level":"info","message":"Email job added to queue for maatallah.adem@gmail.com","timestamp":"2025-07-10T12:25:49.876Z"}
{"level":"info","message":"Email job added to queue for maatallah.adem@gmail.com","timestamp":"2025-07-10T12:31:39.094Z","userId":"6035"}
{"level":"info","message":"Email job added to queue for maatallah.adem@gmail.com","timestamp":"2025-07-10T13:41:11.867Z","userId":"6035"}
{"level":"info","message":"Email job added to queue for maatallah.adem@gmail.com","timestamp":"2025-07-10T13:43:17.673Z","userId":"6035"}
{"level":"info","message":"Email job added to queue for maatallah.adem@gmail.com","timestamp":"2025-07-10T13:45:23.724Z","userId":"6035"}
{"level":"info","message":"Processing email queue","timestamp":"2025-07-14T11:03:43.832Z"}
{"level":"info","message":"Sending email to boulounis.h@gmail.com","timestamp":"2025-07-14T11:03:43.849Z"}
{"code":"ESOCKET","command":"CONN","level":"error","message":"Failed to send email to boulounis.h@gmail.com: self-signed certificate in certificate chain","stack":"Error: self-signed certificate in certificate chain\n    at TLSSocket.onConnectSecure (node:_tls_wrap:1674:34)\n    at TLSSocket.emit (node:events:519:28)\n    at TLSSocket._finishInit (node:_tls_wrap:1085:8)\n    at ssl.onhandshakedone (node:_tls_wrap:871:12)\n    at TLSWrap.callbackTrampoline (node:internal/async_hooks:130:17)","timestamp":"2025-07-14T11:03:45.449Z"}
{"level":"info","message":"Processing email queue","timestamp":"2025-07-14T11:38:04.971Z"}
{"level":"info","message":"Sending email to centredentaire.drhanae@gmail.com","timestamp":"2025-07-14T11:38:05.005Z"}
{"code":"ESOCKET","command":"CONN","level":"error","message":"Failed to send email to centredentaire.drhanae@gmail.com: self-signed certificate in certificate chain","stack":"Error: self-signed certificate in certificate chain\n    at TLSSocket.onConnectSecure (node:_tls_wrap:1674:34)\n    at TLSSocket.emit (node:events:519:28)\n    at TLSSocket._finishInit (node:_tls_wrap:1085:8)\n    at ssl.onhandshakedone (node:_tls_wrap:871:12)\n    at TLSWrap.callbackTrampoline (node:internal/async_hooks:130:17)","timestamp":"2025-07-14T11:38:06.705Z"}
{"level":"info","message":"Sending email to Drkessemtini@realsmile.fr","timestamp":"2025-07-14T11:38:06.706Z"}
{"code":"ESOCKET","command":"CONN","level":"error","message":"Failed to send email to Drkessemtini@realsmile.fr: self-signed certificate in certificate chain","stack":"Error: self-signed certificate in certificate chain\n    at TLSSocket.onConnectSecure (node:_tls_wrap:1674:34)\n    at TLSSocket.emit (node:events:519:28)\n    at TLSSocket._finishInit (node:_tls_wrap:1085:8)\n    at ssl.onhandshakedone (node:_tls_wrap:871:12)\n    at TLSWrap.callbackTrampoline (node:internal/async_hooks:130:17)","timestamp":"2025-07-14T11:38:08.176Z"}
{"level":"info","message":"Sending email to clearcareortho2@gmail.com","timestamp":"2025-07-14T11:38:08.178Z"}
{"code":"ESOCKET","command":"CONN","level":"error","message":"Failed to send email to clearcareortho2@gmail.com: self-signed certificate in certificate chain","stack":"Error: self-signed certificate in certificate chain\n    at TLSSocket.onConnectSecure (node:_tls_wrap:1674:34)\n    at TLSSocket.emit (node:events:519:28)\n    at TLSSocket._finishInit (node:_tls_wrap:1085:8)\n    at ssl.onhandshakedone (node:_tls_wrap:871:12)\n    at TLSWrap.callbackTrampoline (node:internal/async_hooks:130:17)","timestamp":"2025-07-14T11:38:09.385Z"}
{"level":"info","message":"Sending email to Azeem@clearcareortho.uk","timestamp":"2025-07-14T11:38:09.387Z"}
{"code":"ESOCKET","command":"CONN","level":"error","message":"Failed to send email to Azeem@clearcareortho.uk: self-signed certificate in certificate chain","stack":"Error: self-signed certificate in certificate chain\n    at TLSSocket.onConnectSecure (node:_tls_wrap:1674:34)\n    at TLSSocket.emit (node:events:519:28)\n    at TLSSocket._finishInit (node:_tls_wrap:1085:8)\n    at ssl.onhandshakedone (node:_tls_wrap:871:12)\n    at TLSWrap.callbackTrampoline (node:internal/async_hooks:130:17)","timestamp":"2025-07-14T11:38:10.337Z"}
{"level":"info","message":"Sending email to Akif@clearcareortho.uk","timestamp":"2025-07-14T11:38:10.339Z"}
{"code":"ESOCKET","command":"CONN","level":"error","message":"Failed to send email to Akif@clearcareortho.uk: self-signed certificate in certificate chain","stack":"Error: self-signed certificate in certificate chain\n    at TLSSocket.onConnectSecure (node:_tls_wrap:1674:34)\n    at TLSSocket.emit (node:events:519:28)\n    at TLSSocket._finishInit (node:_tls_wrap:1085:8)\n    at ssl.onhandshakedone (node:_tls_wrap:871:12)\n    at TLSWrap.callbackTrampoline (node:internal/async_hooks:130:17)","timestamp":"2025-07-14T11:38:11.376Z"}
{"level":"info","message":"Processing email queue","timestamp":"2025-07-14T12:01:12.250Z"}
{"level":"info","message":"Sending email to Beausourir2009@gmail.com","timestamp":"2025-07-14T12:01:12.523Z"}
{"code":"ESOCKET","command":"CONN","level":"error","message":"Failed to send email to Beausourir2009@gmail.com: self-signed certificate in certificate chain","stack":"Error: self-signed certificate in certificate chain\n    at TLSSocket.onConnectSecure (node:_tls_wrap:1674:34)\n    at TLSSocket.emit (node:events:519:28)\n    at TLSSocket._finishInit (node:_tls_wrap:1085:8)\n    at ssl.onhandshakedone (node:_tls_wrap:871:12)\n    at TLSWrap.callbackTrampoline (node:internal/async_hooks:130:17)","timestamp":"2025-07-14T12:01:13.692Z"}
{"level":"info","message":"Processing email queue","timestamp":"2025-07-15T09:48:11.299Z"}
{"level":"info","message":"Sending email to dr.ismailiyasmine@gmail.com","timestamp":"2025-07-15T09:48:11.310Z"}
{"level":"info","message":"Email sent to dr.ismailiyasmine@gmail.com","timestamp":"2025-07-15T09:48:13.105Z"}
{"level":"info","message":"Processing email queue","timestamp":"2025-07-15T10:03:05.917Z"}
{"level":"info","message":"Sending email to Beausourir2009@gmail.com","timestamp":"2025-07-15T10:03:05.941Z"}
{"level":"info","message":"Email sent to Beausourir2009@gmail.com","timestamp":"2025-07-15T10:03:07.932Z"}
{"level":"info","message":"Processing email queue","timestamp":"2025-07-15T11:14:47.678Z"}
{"level":"info","message":"Sending email to mounsifjouay1@gmail.com","timestamp":"2025-07-15T11:14:47.716Z"}
{"level":"info","message":"Email sent to mounsifjouay1@gmail.com","timestamp":"2025-07-15T11:14:49.809Z"}
{"level":"info","message":"Processing email queue","timestamp":"2025-07-15T11:19:30.743Z"}
{"level":"info","message":"Sending email to dr.cherifmelek@gmail.com","timestamp":"2025-07-15T11:19:30.769Z"}
{"level":"info","message":"Email sent to dr.cherifmelek@gmail.com","timestamp":"2025-07-15T11:19:32.755Z"}
{"level":"info","message":"Processing email queue","timestamp":"2025-07-16T09:19:11.283Z"}
{"level":"info","message":"Sending email to cabinetdrsalmabenchekroun@gmail.com","timestamp":"2025-07-16T09:19:11.318Z"}
{"level":"info","message":"Email sent to cabinetdrsalmabenchekroun@gmail.com","timestamp":"2025-07-16T09:19:13.265Z"}
{"level":"info","message":"Processing email queue","timestamp":"2025-07-16T09:19:38.903Z"}
{"level":"info","message":"Sending email to elkasri.naoufel@gmail.com","timestamp":"2025-07-16T09:19:38.907Z"}
{"level":"info","message":"Email sent to elkasri.naoufel@gmail.com","timestamp":"2025-07-16T09:19:40.984Z"}
{"level":"info","message":"Processing email queue","timestamp":"2025-07-16T09:28:35.651Z"}
{"level":"info","message":"Sending email to Drkessemtini@realsmile.fr","timestamp":"2025-07-16T09:28:35.672Z"}
{"level":"info","message":"Email sent to Drkessemtini@realsmile.fr","timestamp":"2025-07-16T09:28:38.022Z"}
{"level":"info","message":"Processing email queue","timestamp":"2025-07-16T09:46:20.256Z"}
{"level":"info","message":"Sending email to achraf.bidou@uir.ac.ma","timestamp":"2025-07-16T09:46:20.271Z"}
{"level":"info","message":"Email sent to achraf.bidou@uir.ac.ma","timestamp":"2025-07-16T09:46:22.124Z"}
{"level":"info","message":"Processing email queue","timestamp":"2025-07-16T09:56:03.014Z"}
{"level":"info","message":"Sending email to hassarinewfel@gmail.com","timestamp":"2025-07-16T09:56:03.051Z"}
{"level":"info","message":"Email sent to hassarinewfel@gmail.com","timestamp":"2025-07-16T09:56:05.005Z"}
{"level":"info","message":"Processing email queue","timestamp":"2025-07-16T09:58:48.971Z"}
{"level":"info","message":"Sending email to hassarinewfel@gmail.com","timestamp":"2025-07-16T09:58:48.999Z"}
{"level":"info","message":"Email sent to hassarinewfel@gmail.com","timestamp":"2025-07-16T09:58:50.867Z"}
{"level":"info","message":"Processing email queue","timestamp":"2025-07-16T10:24:51.596Z"}
{"level":"info","message":"Sending email to cabinet.curella@gmail.com","timestamp":"2025-07-16T10:24:51.615Z"}
{"level":"info","message":"Email sent to cabinet.curella@gmail.com","timestamp":"2025-07-16T10:24:53.518Z"}
{"level":"info","message":"Processing email queue","timestamp":"2025-07-16T10:25:32.762Z"}
{"level":"info","message":"Sending email to halimi.frank@gmail.com","timestamp":"2025-07-16T10:25:32.768Z"}
{"level":"info","message":"Email sent to halimi.frank@gmail.com","timestamp":"2025-07-16T10:25:34.713Z"}
{"level":"info","message":"Processing email queue","timestamp":"2025-07-16T10:25:42.494Z"}
{"level":"info","message":"Sending email to halimi.frank@gmail.com","timestamp":"2025-07-16T10:25:42.497Z"}
{"level":"info","message":"Email sent to halimi.frank@gmail.com","timestamp":"2025-07-16T10:25:44.385Z"}
{"level":"info","message":"Processing email queue","timestamp":"2025-07-16T10:26:17.752Z"}
{"level":"info","message":"Sending email to Bochouaripro@gmail.com","timestamp":"2025-07-16T10:26:17.756Z"}
{"level":"info","message":"Email sent to Bochouaripro@gmail.com","timestamp":"2025-07-16T10:26:19.783Z"}
{"level":"info","message":"Processing email queue","timestamp":"2025-07-16T10:26:24.895Z"}
{"level":"info","message":"Sending email to Bochouaripro@gmail.com","timestamp":"2025-07-16T10:26:24.898Z"}
{"level":"info","message":"Email sent to Bochouaripro@gmail.com","timestamp":"2025-07-16T10:26:26.615Z"}
{"level":"info","message":"Processing email queue","timestamp":"2025-07-16T10:26:52.471Z"}
{"level":"info","message":"Sending email to Bochouaripro@gmail.com","timestamp":"2025-07-16T10:26:52.475Z"}
{"level":"info","message":"Email sent to Bochouaripro@gmail.com","timestamp":"2025-07-16T10:26:54.527Z"}
{"level":"info","message":"Processing email queue","timestamp":"2025-07-16T10:29:07.186Z"}
{"level":"info","message":"Sending email to zaidyeila237@gmail.com","timestamp":"2025-07-16T10:29:07.189Z"}
{"level":"info","message":"Email sent to zaidyeila237@gmail.com","timestamp":"2025-07-16T10:29:08.907Z"}
{"level":"info","message":"Processing email queue","timestamp":"2025-07-16T10:46:33.677Z"}
{"level":"info","message":"Sending email to dr.khalil.gafsi@hotmail.com","timestamp":"2025-07-16T10:46:33.690Z"}
{"level":"info","message":"Email sent to dr.khalil.gafsi@hotmail.com","timestamp":"2025-07-16T10:46:35.644Z"}
{"level":"info","message":"Processing email queue","timestamp":"2025-07-16T18:23:25.088Z"}
{"level":"info","message":"Sending email to rihabbrahmi038@gmail.com","timestamp":"2025-07-16T18:23:25.133Z"}
{"level":"info","message":"Email sent to rihabbrahmi038@gmail.com","timestamp":"2025-07-16T18:23:27.805Z"}
{"level":"info","message":"Email job added to queue for dottechnoogies8@gmail.com","timestamp":"2025-07-16T18:56:27.226Z"}
